2023-01-14 00:26:07.864 CET [42316] LOG:  could not receive data from client: unrecognized winsock error 10054
2023-01-14 00:26:09.426 CET [36740] LOG:  could not receive data from client: unrecognized winsock error 10054
2023-01-14 00:26:10.650 CET [2908] LOG:  could not receive data from client: unrecognized winsock error 10054
2023-01-14 00:26:11.856 CET [12480] LOG:  could not receive data from client: unrecognized winsock error 10054
2023-01-14 00:26:15.382 CET [41304] LOG:  could not receive data from client: unrecognized winsock error 10054
2023-01-14 00:56:37.803 CET [23892] LOG:  could not receive data from client: unrecognized winsock error 10054
2023-01-14 00:56:54.850 CET [9488] LOG:  could not receive data from client: unrecognized winsock error 10054
2023-01-14 00:57:39.938 CET [34760] LOG:  could not receive data from client: unrecognized winsock error 10054
2023-01-14 00:58:18.218 CET [39888] LOG:  could not receive data from client: unrecognized winsock error 10054
2023-01-14 00:58:22.790 CET [34796] LOG:  could not receive data from client: unrecognized winsock error 10054
2023-01-14 00:59:09.211 CET [10636] LOG:  could not receive data from client: unrecognized winsock error 10054
2023-01-14 00:59:17.368 CET [36268] LOG:  could not receive data from client: unrecognized winsock error 10054
2023-01-14 00:59:58.126 CET [36128] LOG:  could not receive data from client: unrecognized winsock error 10054
2023-01-14 01:00:12.610 CET [17992] LOG:  could not receive data from client: unrecognized winsock error 10054
2023-01-14 01:00:23.548 CET [46164] LOG:  could not receive data from client: unrecognized winsock error 10054
2023-01-14 01:00:31.765 CET [25884] LOG:  could not receive data from client: unrecognized winsock error 10054
2023-01-14 01:00:41.845 CET [44676] LOG:  could not receive data from client: unrecognized winsock error 10054
2023-01-14 01:00:52.159 CET [17828] LOG:  could not receive data from client: unrecognized winsock error 10054
2023-01-14 01:01:55.265 CET [45224] ERROR:  relation "zawodnik" does not exist at character 13
2023-01-14 01:01:55.265 CET [45224] STATEMENT:  INSERT INTO Zawodnik VALUES (1, 'Polska', 'Wojtek', 'Szczesny')
2023-01-14 01:01:55.434 CET [45224] LOG:  could not receive data from client: unrecognized winsock error 10054
2023-01-14 01:02:50.529 CET [48604] LOG:  could not receive data from client: unrecognized winsock error 10054
2023-01-14 01:07:07.016 CET [28924] LOG:  could not receive data from client: unrecognized winsock error 10054
2023-01-14 01:07:36.775 CET [12712] LOG:  could not receive data from client: unrecognized winsock error 10054
2023-01-14 01:12:07.846 CET [46624] LOG:  could not receive data from client: unrecognized winsock error 10054
2023-01-14 01:22:10.216 CET [29580] LOG:  could not receive data from client: unrecognized winsock error 10054
2023-01-14 01:25:22.946 CET [48448] LOG:  could not receive data from client: unrecognized winsock error 10054
2023-01-14 01:25:32.089 CET [21028] ERROR:  syntax error at or near "," at character 29
2023-01-14 01:25:32.089 CET [21028] STATEMENT:  INSERT INTO Konkurs VALUES (, '', '', '', '')
2023-01-14 01:25:32.255 CET [21028] LOG:  could not receive data from client: unrecognized winsock error 10054
2023-01-14 01:25:41.907 CET [4368] LOG:  could not receive data from client: unrecognized winsock error 10054
2023-01-14 01:25:52.272 CET [22800] ERROR:  syntax error at or near "," at character 29
2023-01-14 01:25:52.272 CET [22800] STATEMENT:  INSERT INTO Konkurs VALUES (, '', '', '', '')
2023-01-14 01:25:52.439 CET [22800] LOG:  could not receive data from client: unrecognized winsock error 10054
2023-01-14 01:50:41.708 CET [41516] ERROR:  syntax error at or near "," at character 29
2023-01-14 01:50:41.708 CET [41516] STATEMENT:  INSERT INTO Konkurs VALUES (, '', '', '', '')
2023-01-14 01:50:41.873 CET [41516] LOG:  could not receive data from client: unrecognized winsock error 10054
2023-01-14 01:51:26.633 CET [3736] LOG:  could not receive data from client: unrecognized winsock error 10054
2023-01-14 01:51:32.648 CET [25400] LOG:  could not receive data from client: unrecognized winsock error 10054
2023-01-14 01:53:26.337 CET [3344] LOG:  could not receive data from client: unrecognized winsock error 10054
2023-01-14 01:54:40.098 CET [19512] LOG:  could not receive data from client: unrecognized winsock error 10054
2023-01-14 01:55:07.674 CET [11392] LOG:  could not receive data from client: unrecognized winsock error 10054
2023-01-14 01:55:19.985 CET [9504] LOG:  could not receive data from client: unrecognized winsock error 10054
2023-01-14 01:55:59.616 CET [35148] ERROR:  syntax error at or near "," at character 32
2023-01-14 01:55:59.616 CET [35148] STATEMENT:  INSERT INTO Zgloszenie VALUES (, )
2023-01-14 01:55:59.783 CET [35148] LOG:  could not receive data from client: unrecognized winsock error 10054
2023-01-14 01:56:55.164 CET [16472] LOG:  could not receive data from client: unrecognized winsock error 10054
2023-01-14 02:03:38.788 CET [21920] LOG:  could not receive data from client: unrecognized winsock error 10054
2023-01-14 03:18:55.440 CET [7524] LOG:  could not receive data from client: unrecognized winsock error 10054
2023-01-14 03:18:55.596 CET [38668] LOG:  could not receive data from client: unrecognized winsock error 10054
2023-01-14 03:19:00.569 CET [24508] LOG:  could not receive data from client: unrecognized winsock error 10054
