2023-01-16 00:30:46.049 CET [6856] LOG:  could not receive data from client: unrecognized winsock error 10054
2023-01-16 00:31:29.756 CET [39548] ERROR:  relation "konkurs" does not exist at character 13
2023-01-16 00:31:29.756 CET [39548] STATEMENT:  INSERT INTO Konkurs VALUES (1, '12343', '12334213', '13424', '1234')
2023-01-16 00:31:29.924 CET [39548] LOG:  could not receive data from client: unrecognized winsock error 10054
2023-01-16 00:32:59.645 CET [43368] LOG:  could not receive data from client: unrecognized winsock error 10054
2023-01-16 00:33:06.066 CET [48540] ERROR:  syntax error at or near "," at character 30
2023-01-16 00:33:06.066 CET [48540] STATEMENT:  INSERT INTO Zawodnik VALUES (, '', )
2023-01-16 00:33:06.234 CET [48540] LOG:  could not receive data from client: unrecognized winsock error 10054
2023-01-16 00:33:13.187 CET [38108] ERROR:  syntax error at or near "," at character 30
2023-01-16 00:33:13.187 CET [38108] STATEMENT:  INSERT INTO Zawodnik VALUES (, '', '', '')
2023-01-16 00:33:13.385 CET [38108] LOG:  could not receive data from client: unrecognized winsock error 10054
2023-01-16 00:34:15.104 CET [42696] ERROR:  syntax error at or near "," at character 29
2023-01-16 00:34:15.104 CET [42696] STATEMENT:  INSERT INTO Konkurs VALUES (, '', '', '', '')
2023-01-16 00:34:15.272 CET [42696] LOG:  could not receive data from client: unrecognized winsock error 10054
2023-01-16 00:34:22.719 CET [49104] LOG:  could not receive data from client: unrecognized winsock error 10054
2023-01-16 00:35:26.793 CET [39132] LOG:  could not receive data from client: unrecognized winsock error 10054
2023-01-16 00:35:42.960 CET [22668] LOG:  could not receive data from client: unrecognized winsock error 10054
2023-01-16 00:36:29.616 CET [11904] LOG:  could not receive data from client: unrecognized winsock error 10054
2023-01-16 00:36:37.621 CET [42676] LOG:  could not receive data from client: unrecognized winsock error 10054
2023-01-16 00:37:29.884 CET [44900] LOG:  could not receive data from client: unrecognized winsock error 10054
2023-01-16 00:42:02.348 CET [21808] LOG:  could not receive data from client: unrecognized winsock error 10054
2023-01-16 00:42:04.049 CET [41468] LOG:  could not receive data from client: unrecognized winsock error 10054
