2023-01-13 13:54:07.454 CET [18180] LOG:  database system was shut down at 2023-01-13 13:54:01 CET
2023-01-13 13:59:07.447 CET [17256] LOG:  checkpoint starting: time
2023-01-13 13:59:14.504 CET [17256] LOG:  checkpoint complete: wrote 73 buffers (0.4%); 0 WAL file(s) added, 0 removed, 0 recycled; write=7.022 s, sync=0.028 s, total=7.058 s; sync files=31, longest=0.012 s, average=0.001 s; distance=394 kB, estimate=394 kB
2023-01-13 14:02:47.064 CET [41340] FATAL:  password authentication failed for user "Serafin"
2023-01-13 14:02:47.064 CET [41340] DETAIL:  Role "Serafin" does not exist.
	Connection matched pg_hba.conf line 89: "host    all             all             ::1/128                 scram-sha-256"
2023-01-13 14:02:49.563 CET [15508] FATAL:  password authentication failed for user "Serafin"
2023-01-13 14:02:49.563 CET [15508] DETAIL:  Role "Serafin" does not exist.
	Connection matched pg_hba.conf line 89: "host    all             all             ::1/128                 scram-sha-256"
2023-01-13 14:02:52.044 CET [33228] FATAL:  password authentication failed for user "Serafin"
2023-01-13 14:02:52.044 CET [33228] DETAIL:  Role "Serafin" does not exist.
	Connection matched pg_hba.conf line 89: "host    all             all             ::1/128                 scram-sha-256"
2023-01-13 14:02:53.434 CET [8868] FATAL:  password authentication failed for user "Serafin"
2023-01-13 14:02:53.434 CET [8868] DETAIL:  Role "Serafin" does not exist.
	Connection matched pg_hba.conf line 89: "host    all             all             ::1/128                 scram-sha-256"
2023-01-13 14:02:57.038 CET [28664] FATAL:  password authentication failed for user "Serafin"
2023-01-13 14:02:57.038 CET [28664] DETAIL:  Role "Serafin" does not exist.
	Connection matched pg_hba.conf line 89: "host    all             all             ::1/128                 scram-sha-256"
2023-01-13 14:02:57.996 CET [41980] FATAL:  password authentication failed for user "Serafin"
2023-01-13 14:02:57.996 CET [41980] DETAIL:  Role "Serafin" does not exist.
	Connection matched pg_hba.conf line 89: "host    all             all             ::1/128                 scram-sha-256"
2023-01-13 14:06:42.111 CET [21784] FATAL:  password authentication failed for user "Serafin"
2023-01-13 14:06:42.111 CET [21784] DETAIL:  Role "Serafin" does not exist.
	Connection matched pg_hba.conf line 89: "host    all             all             ::1/128                 scram-sha-256"
2023-01-13 14:06:45.624 CET [8868] FATAL:  password authentication failed for user "Serafin"
2023-01-13 14:06:45.624 CET [8868] DETAIL:  Role "Serafin" does not exist.
	Connection matched pg_hba.conf line 89: "host    all             all             ::1/128                 scram-sha-256"
2023-01-13 14:06:54.402 CET [28608] FATAL:  password authentication failed for user "Serafin"
2023-01-13 14:06:54.402 CET [28608] DETAIL:  Role "Serafin" does not exist.
	Connection matched pg_hba.conf line 89: "host    all             all             ::1/128                 scram-sha-256"
2023-01-13 14:06:55.793 CET [38252] FATAL:  password authentication failed for user "Serafin"
2023-01-13 14:06:55.793 CET [38252] DETAIL:  Role "Serafin" does not exist.
	Connection matched pg_hba.conf line 89: "host    all             all             ::1/128                 scram-sha-256"
2023-01-13 14:06:57.734 CET [11692] FATAL:  password authentication failed for user "Serafin"
2023-01-13 14:06:57.734 CET [11692] DETAIL:  Role "Serafin" does not exist.
	Connection matched pg_hba.conf line 89: "host    all             all             ::1/128                 scram-sha-256"
2023-01-13 14:06:59.218 CET [36072] FATAL:  password authentication failed for user "Serafin"
2023-01-13 14:06:59.218 CET [36072] DETAIL:  Role "Serafin" does not exist.
	Connection matched pg_hba.conf line 89: "host    all             all             ::1/128                 scram-sha-256"
2023-01-13 14:08:22.420 CET [20792] FATAL:  password authentication failed for user "Serafin"
2023-01-13 14:08:22.420 CET [20792] DETAIL:  Role "Serafin" does not exist.
	Connection matched pg_hba.conf line 89: "host    all             all             ::1/128                 scram-sha-256"
2023-01-13 14:08:25.941 CET [16692] FATAL:  password authentication failed for user "Serafin"
2023-01-13 14:08:25.941 CET [16692] DETAIL:  Role "Serafin" does not exist.
	Connection matched pg_hba.conf line 89: "host    all             all             ::1/128                 scram-sha-256"
2023-01-13 14:08:37.556 CET [33164] FATAL:  password authentication failed for user "Serafin"
2023-01-13 14:08:37.556 CET [33164] DETAIL:  Role "Serafin" does not exist.
	Connection matched pg_hba.conf line 89: "host    all             all             ::1/128                 scram-sha-256"
2023-01-13 14:14:07.506 CET [17256] LOG:  checkpoint starting: time
2023-01-13 14:14:08.018 CET [17256] LOG:  checkpoint complete: wrote 5 buffers (0.0%); 0 WAL file(s) added, 0 removed, 0 recycled; write=0.503 s, sync=0.002 s, total=0.512 s; sync files=1, longest=0.002 s, average=0.002 s; distance=37 kB, estimate=358 kB
2023-01-13 14:17:23.293 CET [24416] FATAL:  password authentication failed for user "Serafin"
2023-01-13 14:17:23.293 CET [24416] DETAIL:  Role "Serafin" does not exist.
	Connection matched pg_hba.conf line 89: "host    all             all             ::1/128                 scram-sha-256"
2023-01-13 14:17:25.091 CET [28488] FATAL:  password authentication failed for user "Serafin"
2023-01-13 14:17:25.091 CET [28488] DETAIL:  Role "Serafin" does not exist.
	Connection matched pg_hba.conf line 89: "host    all             all             ::1/128                 scram-sha-256"
2023-01-13 14:18:12.759 CET [7524] ERROR:  syntax error at or near "cos" at character 1
2023-01-13 14:18:12.759 CET [7524] STATEMENT:  cos(3.14);
2023-01-13 14:24:07.019 CET [17256] LOG:  checkpoint starting: time
2023-01-13 14:24:10.656 CET [17256] LOG:  checkpoint complete: wrote 37 buffers (0.2%); 0 WAL file(s) added, 0 removed, 0 recycled; write=3.614 s, sync=0.017 s, total=3.638 s; sync files=29, longest=0.002 s, average=0.001 s; distance=142 kB, estimate=336 kB
2023-01-13 14:24:54.093 CET [26076] ERROR:  relation "company" already exists
2023-01-13 14:24:54.093 CET [26076] STATEMENT:  CREATE TABLE COMPANY (ID INT PRIMARY KEY     NOT NULL, NAME           TEXT    NOT NULL,  AGE            INT     NOT NULL,  ADDRESS        CHAR(50),  SALARY         REAL)
2023-01-13 14:24:54.276 CET [26076] LOG:  could not receive data from client: unrecognized winsock error 10054
2023-01-13 16:37:14.350 CET [41680] ERROR:  relation "company" already exists
2023-01-13 16:37:14.350 CET [41680] STATEMENT:  CREATE TABLE COMPANY (ID INT PRIMARY KEY     NOT NULL, NAME           TEXT    NOT NULL,  AGE            INT     NOT NULL,  ADDRESS        CHAR(50),  SALARY         REAL)
2023-01-13 16:37:14.514 CET [41680] LOG:  could not receive data from client: unrecognized winsock error 10054
2023-01-13 16:37:49.826 CET [22856] ERROR:  relation "company" already exists
2023-01-13 16:37:49.826 CET [22856] STATEMENT:  CREATE TABLE COMPANY (ID INT PRIMARY KEY     NOT NULL, NAME           TEXT    NOT NULL,  AGE            INT     NOT NULL,  ADDRESS        CHAR(50),  SALARY         REAL)
2023-01-13 16:37:49.989 CET [22856] LOG:  could not receive data from client: unrecognized winsock error 10054
2023-01-13 16:39:20.816 CET [31612] ERROR:  relation "company" already exists
2023-01-13 16:39:20.816 CET [31612] STATEMENT:  CREATE TABLE COMPANY (ID INT PRIMARY KEY     NOT NULL, NAME           TEXT    NOT NULL,  AGE            INT     NOT NULL,  ADDRESS        CHAR(50),  SALARY         REAL)
2023-01-13 16:39:20.980 CET [31612] LOG:  could not receive data from client: unrecognized winsock error 10054
2023-01-13 16:41:44.525 CET [29348] LOG:  could not receive data from client: unrecognized winsock error 10054
2023-01-13 16:44:07.665 CET [17256] LOG:  checkpoint starting: time
2023-01-13 16:44:10.534 CET [17256] LOG:  checkpoint complete: wrote 29 buffers (0.2%); 0 WAL file(s) added, 0 removed, 0 recycled; write=2.820 s, sync=0.042 s, total=2.870 s; sync files=25, longest=0.015 s, average=0.002 s; distance=136 kB, estimate=316 kB
2023-01-13 17:26:39.303 CET [31308] LOG:  could not receive data from client: unrecognized winsock error 10054
2023-01-13 18:00:46.721 CET [31700] LOG:  could not receive data from client: unrecognized winsock error 10054
2023-01-13 18:38:31.895 CET [13460] LOG:  could not receive data from client: unrecognized winsock error 10054
2023-01-13 18:38:57.441 CET [5920] LOG:  could not receive data from client: unrecognized winsock error 10054
